<?xml version="1.0" encoding="UTF-8"?>
<testsuite name="Scenario: Verify signup btton" time="0.279" tests="1" errors="0" skipped="0" failures="1">
  <properties>
[...]
</properties>
  <testcase name="Given I am on home page" classname="Scenario: Verify signup btton" time="0.267"/>
  <testcase name="When I enter Mohammad into firstname text fields on home screen" classname="Scenario: Verify signup btton" time="0"/>
  <testcase name="And I enter Muntakim into lastname text fields on home screen" classname="Scenario: Verify signup btton" time="0"/>
  <testcase name="Then I verify that signup button is disable at homepage" classname="Scenario: Verify signup btton" time="0.012">
    <failure message="Signup button should be disable expected [false] but found [true]" type="java.lang.AssertionError">java.lang.AssertionError: Signup button should be disable expected [false] but found [true]
	at org.testng.Assert.fail(Assert.java:93)
	at org.testng.Assert.failNotEquals(Assert.java:512)
	at org.testng.Assert.assertFalse(Assert.java:62)
	at stepdefinition.LoginSD.verifyDisableSignupButton(LoginSD.java:73)
	at ✽.Then I verify that signup button is disable at homepage(login.feature:39)
</failure>
  </testcase>
  <testcase name="Scenario: Verify signup btton" classname="Scenario: Verify signup btton" time="0">
    <failure message="Signup button should be disable expected [false] but found [true]" type="java.lang.AssertionError">java.lang.AssertionError: Signup button should be disable expected [false] but found [true]
	at org.testng.Assert.fail(Assert.java:93)
	at org.testng.Assert.failNotEquals(Assert.java:512)
	at org.testng.Assert.assertFalse(Assert.java:62)
	at stepdefinition.LoginSD.verifyDisableSignupButton(LoginSD.java:73)
	at ✽.Then I verify that signup button is disable at homepage(login.feature:39)
</failure>
  </testcase>
</testsuite>